<?xml version="1.0" encoding="UTF-8"?>
<testsuite xmlns:xsi="http://www.w3.org/2001/XMLSchema-instance" xsi:noNamespaceSchemaLocation="https://maven.apache.org/surefire/maven-surefire-plugin/xsd/surefire-test-report-3.0.xsd" version="3.0" name="conduitApp.ConduitTest" time="1.381" tests="1" errors="0" skipped="0" failures="0">
  <properties>
    <property name="java.specification.version" value="19"/>
    <property name="sun.jnu.encoding" value="UTF-8"/>
    <property name="java.class.path" value="/Users/rosanaramosantos/programming-projects/automation-projects/karate-gatling/karate-gatling/target/test-classes:/Users/rosanaramosantos/programming-projects/automation-projects/karate-gatling/karate-gatling/target/classes:/Users/rosanaramosantos/.m2/repository/com/intuit/karate/karate-junit5/1.4.1/karate-junit5-1.4.1.jar:/Users/rosanaramosantos/.m2/repository/com/intuit/karate/karate-core/1.4.1/karate-core-1.4.1.jar:/Users/rosanaramosantos/.m2/repository/org/graalvm/js/js-scriptengine/22.3.3/js-scriptengine-22.3.3.jar:/Users/rosanaramosantos/.m2/repository/org/graalvm/sdk/graal-sdk/22.3.3/graal-sdk-22.3.3.jar:/Users/rosanaramosantos/.m2/repository/org/graalvm/js/js/22.3.3/js-22.3.3.jar:/Users/rosanaramosantos/.m2/repository/org/graalvm/regex/regex/22.3.3/regex-22.3.3.jar:/Users/rosanaramosantos/.m2/repository/org/graalvm/truffle/truffle-api/22.3.3/truffle-api-22.3.3.jar:/Users/rosanaramosantos/.m2/repository/com/ibm/icu/icu4j/71.1/icu4j-71.1.jar:/Users/rosanaramosantos/.m2/repository/org/thymeleaf/thymeleaf/3.1.2.RELEASE/thymeleaf-3.1.2.RELEASE.jar:/Users/rosanaramosantos/.m2/repository/ognl/ognl/3.3.4/ognl-3.3.4.jar:/Users/rosanaramosantos/.m2/repository/org/javassist/javassist/3.29.0-GA/javassist-3.29.0-GA.jar:/Users/rosanaramosantos/.m2/repository/org/attoparser/attoparser/2.0.7.RELEASE/attoparser-2.0.7.RELEASE.jar:/Users/rosanaramosantos/.m2/repository/org/unbescape/unbescape/1.1.6.RELEASE/unbescape-1.1.6.RELEASE.jar:/Users/rosanaramosantos/.m2/repository/org/slf4j/slf4j-api/2.0.7/slf4j-api-2.0.7.jar:/Users/rosanaramosantos/.m2/repository/com/linecorp/armeria/armeria/1.25.2/armeria-1.25.2.jar:/Users/rosanaramosantos/.m2/repository/com/fasterxml/jackson/core/jackson-core/2.15.2/jackson-core-2.15.2.jar:/Users/rosanaramosantos/.m2/repository/com/fasterxml/jackson/core/jackson-annotations/2.15.2/jackson-annotations-2.15.2.jar:/Users/rosanaramosantos/.m2/repository/com/fasterxml/jackson/core/jackson-databind/2.15.2/jackson-databind-2.15.2.jar:/Users/rosanaramosantos/.m2/repository/com/fasterxml/jackson/datatype/jackson-datatype-jdk8/2.15.2/jackson-datatype-jdk8-2.15.2.jar:/Users/rosanaramosantos/.m2/repository/com/fasterxml/jackson/datatype/jackson-datatype-jsr310/2.15.2/jackson-datatype-jsr310-2.15.2.jar:/Users/rosanaramosantos/.m2/repository/io/micrometer/micrometer-core/1.11.3/micrometer-core-1.11.3.jar:/Users/rosanaramosantos/.m2/repository/io/micrometer/micrometer-commons/1.11.3/micrometer-commons-1.11.3.jar:/Users/rosanaramosantos/.m2/repository/io/micrometer/micrometer-observation/1.11.3/micrometer-observation-1.11.3.jar:/Users/rosanaramosantos/.m2/repository/org/hdrhistogram/HdrHistogram/2.1.12/HdrHistogram-2.1.12.jar:/Users/rosanaramosantos/.m2/repository/org/latencyutils/LatencyUtils/2.0.3/LatencyUtils-2.0.3.jar:/Users/rosanaramosantos/.m2/repository/io/netty/netty-transport/4.1.96.Final/netty-transport-4.1.96.Final.jar:/Users/rosanaramosantos/.m2/repository/io/netty/netty-common/4.1.96.Final/netty-common-4.1.96.Final.jar:/Users/rosanaramosantos/.m2/repository/io/netty/netty-buffer/4.1.96.Final/netty-buffer-4.1.96.Final.jar:/Users/rosanaramosantos/.m2/repository/io/netty/netty-resolver/4.1.96.Final/netty-resolver-4.1.96.Final.jar:/Users/rosanaramosantos/.m2/repository/io/netty/netty-codec-haproxy/4.1.96.Final/netty-codec-haproxy-4.1.96.Final.jar:/Users/rosanaramosantos/.m2/repository/io/netty/netty-codec/4.1.96.Final/netty-codec-4.1.96.Final.jar:/Users/rosanaramosantos/.m2/repository/io/netty/netty-codec-http2/4.1.96.Final/netty-codec-http2-4.1.96.Final.jar:/Users/rosanaramosantos/.m2/repository/io/netty/netty-handler/4.1.96.Final/netty-handler-4.1.96.Final.jar:/Users/rosanaramosantos/.m2/repository/io/netty/netty-codec-http/4.1.96.Final/netty-codec-http-4.1.96.Final.jar:/Users/rosanaramosantos/.m2/repository/io/netty/netty-resolver-dns/4.1.96.Final/netty-resolver-dns-4.1.96.Final.jar:/Users/rosanaramosantos/.m2/repository/io/netty/netty-codec-dns/4.1.96.Final/netty-codec-dns-4.1.96.Final.jar:/Users/rosanaramosantos/.m2/repository/org/reactivestreams/reactive-streams/1.0.4/reactive-streams-1.0.4.jar:/Users/rosanaramosantos/.m2/repository/com/google/code/findbugs/jsr305/3.0.2/jsr305-3.0.2.jar:/Users/rosanaramosantos/.m2/repository/io/netty/netty-handler-proxy/4.1.96.Final/netty-handler-proxy-4.1.96.Final.jar:/Users/rosanaramosantos/.m2/repository/io/netty/netty-codec-socks/4.1.96.Final/netty-codec-socks-4.1.96.Final.jar:/Users/rosanaramosantos/.m2/repository/io/netty/netty-transport-native-unix-common/4.1.96.Final/netty-transport-native-unix-common-4.1.96.Final-linux-x86_64.jar:/Users/rosanaramosantos/.m2/repository/io/netty/netty-transport-native-epoll/4.1.96.Final/netty-transport-native-epoll-4.1.96.Final-linux-x86_64.jar:/Users/rosanaramosantos/.m2/repository/io/netty/netty-transport-native-unix-common/4.1.96.Final/netty-transport-native-unix-common-4.1.96.Final.jar:/Users/rosanaramosantos/.m2/repository/io/netty/netty-transport-classes-epoll/4.1.96.Final/netty-transport-classes-epoll-4.1.96.Final.jar:/Users/rosanaramosantos/.m2/repository/io/netty/netty-transport-native-unix-common/4.1.96.Final/netty-transport-native-unix-common-4.1.96.Final-linux-aarch_64.jar:/Users/rosanaramosantos/.m2/repository/io/netty/netty-transport-native-epoll/4.1.96.Final/netty-transport-native-epoll-4.1.96.Final-linux-aarch_64.jar:/Users/rosanaramosantos/.m2/repository/io/netty/netty-transport-native-unix-common/4.1.96.Final/netty-transport-native-unix-common-4.1.96.Final-osx-x86_64.jar:/Users/rosanaramosantos/.m2/repository/io/netty/netty-transport-native-kqueue/4.1.96.Final/netty-transport-native-kqueue-4.1.96.Final-osx-x86_64.jar:/Users/rosanaramosantos/.m2/repository/io/netty/netty-transport-classes-kqueue/4.1.96.Final/netty-transport-classes-kqueue-4.1.96.Final.jar:/Users/rosanaramosantos/.m2/repository/io/netty/netty-resolver-dns-native-macos/4.1.96.Final/netty-resolver-dns-native-macos-4.1.96.Final-osx-x86_64.jar:/Users/rosanaramosantos/.m2/repository/io/netty/netty-resolver-dns-classes-macos/4.1.96.Final/netty-resolver-dns-classes-macos-4.1.96.Final.jar:/Users/rosanaramosantos/.m2/repository/io/netty/netty-transport-native-unix-common/4.1.96.Final/netty-transport-native-unix-common-4.1.96.Final-osx-aarch_64.jar:/Users/rosanaramosantos/.m2/repository/io/netty/netty-transport-native-kqueue/4.1.96.Final/netty-transport-native-kqueue-4.1.96.Final-osx-aarch_64.jar:/Users/rosanaramosantos/.m2/repository/io/netty/netty-resolver-dns-native-macos/4.1.96.Final/netty-resolver-dns-native-macos-4.1.96.Final-osx-aarch_64.jar:/Users/rosanaramosantos/.m2/repository/io/netty/netty-tcnative-boringssl-static/2.0.61.Final/netty-tcnative-boringssl-static-2.0.61.Final-linux-x86_64.jar:/Users/rosanaramosantos/.m2/repository/io/netty/netty-tcnative-classes/2.0.61.Final/netty-tcnative-classes-2.0.61.Final.jar:/Users/rosanaramosantos/.m2/repository/io/netty/netty-tcnative-boringssl-static/2.0.61.Final/netty-tcnative-boringssl-static-2.0.61.Final-linux-aarch_64.jar:/Users/rosanaramosantos/.m2/repository/io/netty/netty-tcnative-boringssl-static/2.0.61.Final/netty-tcnative-boringssl-static-2.0.61.Final-osx-x86_64.jar:/Users/rosanaramosantos/.m2/repository/io/netty/netty-tcnative-boringssl-static/2.0.61.Final/netty-tcnative-boringssl-static-2.0.61.Final-osx-aarch_64.jar:/Users/rosanaramosantos/.m2/repository/io/netty/netty-tcnative-boringssl-static/2.0.61.Final/netty-tcnative-boringssl-static-2.0.61.Final-windows-x86_64.jar:/Users/rosanaramosantos/.m2/repository/com/aayushatharva/brotli4j/brotli4j/1.12.0/brotli4j-1.12.0.jar:/Users/rosanaramosantos/.m2/repository/com/aayushatharva/brotli4j/service/1.12.0/service-1.12.0.jar:/Users/rosanaramosantos/.m2/repository/com/aayushatharva/brotli4j/native-osx-aarch64/1.12.0/native-osx-aarch64-1.12.0.jar:/Users/rosanaramosantos/.m2/repository/org/apache/httpcomponents/httpclient/4.5.14/httpclient-4.5.14.jar:/Users/rosanaramosantos/.m2/repository/org/apache/httpcomponents/httpcore/4.4.16/httpcore-4.4.16.jar:/Users/rosanaramosantos/.m2/repository/commons-codec/commons-codec/1.16.0/commons-codec-1.16.0.jar:/Users/rosanaramosantos/.m2/repository/ch/qos/logback/logback-classic/1.4.11/logback-classic-1.4.11.jar:/Users/rosanaramosantos/.m2/repository/ch/qos/logback/logback-core/1.4.11/logback-core-1.4.11.jar:/Users/rosanaramosantos/.m2/repository/org/slf4j/jcl-over-slf4j/2.0.9/jcl-over-slf4j-2.0.9.jar:/Users/rosanaramosantos/.m2/repository/org/antlr/antlr4-runtime/4.11.1/antlr4-runtime-4.11.1.jar:/Users/rosanaramosantos/.m2/repository/com/jayway/jsonpath/json-path/2.8.0/json-path-2.8.0.jar:/Users/rosanaramosantos/.m2/repository/net/minidev/json-smart/2.4.10/json-smart-2.4.10.jar:/Users/rosanaramosantos/.m2/repository/net/minidev/accessors-smart/2.4.9/accessors-smart-2.4.9.jar:/Users/rosanaramosantos/.m2/repository/org/ow2/asm/asm/9.3/asm-9.3.jar:/Users/rosanaramosantos/.m2/repository/org/yaml/snakeyaml/2.0/snakeyaml-2.0.jar:/Users/rosanaramosantos/.m2/repository/de/siegmar/fastcsv/2.2.1/fastcsv-2.2.1.jar:/Users/rosanaramosantos/.m2/repository/info/picocli/picocli/4.7.1/picocli-4.7.1.jar:/Users/rosanaramosantos/.m2/repository/io/github/classgraph/classgraph/4.8.160/classgraph-4.8.160.jar:/Users/rosanaramosantos/.m2/repository/io/github/t12y/resemble/1.0.2/resemble-1.0.2.jar:/Users/rosanaramosantos/.m2/repository/io/github/t12y/ssim/1.0.0/ssim-1.0.0.jar:/Users/rosanaramosantos/.m2/repository/org/junit/jupiter/junit-jupiter-api/5.9.3/junit-jupiter-api-5.9.3.jar:/Users/rosanaramosantos/.m2/repository/org/opentest4j/opentest4j/1.2.0/opentest4j-1.2.0.jar:/Users/rosanaramosantos/.m2/repository/org/junit/platform/junit-platform-commons/1.9.3/junit-platform-commons-1.9.3.jar:/Users/rosanaramosantos/.m2/repository/org/apiguardian/apiguardian-api/1.1.2/apiguardian-api-1.1.2.jar:/Users/rosanaramosantos/.m2/repository/org/junit/jupiter/junit-jupiter-engine/5.9.3/junit-jupiter-engine-5.9.3.jar:/Users/rosanaramosantos/.m2/repository/org/junit/platform/junit-platform-engine/1.9.3/junit-platform-engine-1.9.3.jar:"/>
    <property name="java.vm.vendor" value="Homebrew"/>
    <property name="sun.arch.data.model" value="64"/>
    <property name="java.vendor.url" value="https://github.com/Homebrew/homebrew-core/issues"/>
    <property name="user.timezone" value="America/Sao_Paulo"/>
    <property name="os.name" value="Mac OS X"/>
    <property name="java.vm.specification.version" value="19"/>
    <property name="sun.java.launcher" value="SUN_STANDARD"/>
    <property name="user.country" value="BR"/>
    <property name="sun.boot.library.path" value="/opt/homebrew/Cellar/openjdk/19.0.2/libexec/openjdk.jdk/Contents/Home/lib"/>
    <property name="sun.java.command" value="/Users/rosanaramosantos/programming-projects/automation-projects/karate-gatling/karate-gatling/target/surefire/surefirebooter-20240324193014497_3.jar /Users/rosanaramosantos/programming-projects/automation-projects/karate-gatling/karate-gatling/target/surefire 2024-03-24T19-30-14_451-jvmRun1 surefire-20240324193014497_1tmp surefire_0-20240324193014497_2tmp"/>
    <property name="http.nonProxyHosts" value="local|*.local|169.254/16|*.169.254/16"/>
    <property name="jdk.debug" value="release"/>
    <property name="surefire.test.class.path" value="/Users/rosanaramosantos/programming-projects/automation-projects/karate-gatling/karate-gatling/target/test-classes:/Users/rosanaramosantos/programming-projects/automation-projects/karate-gatling/karate-gatling/target/classes:/Users/rosanaramosantos/.m2/repository/com/intuit/karate/karate-junit5/1.4.1/karate-junit5-1.4.1.jar:/Users/rosanaramosantos/.m2/repository/com/intuit/karate/karate-core/1.4.1/karate-core-1.4.1.jar:/Users/rosanaramosantos/.m2/repository/org/graalvm/js/js-scriptengine/22.3.3/js-scriptengine-22.3.3.jar:/Users/rosanaramosantos/.m2/repository/org/graalvm/sdk/graal-sdk/22.3.3/graal-sdk-22.3.3.jar:/Users/rosanaramosantos/.m2/repository/org/graalvm/js/js/22.3.3/js-22.3.3.jar:/Users/rosanaramosantos/.m2/repository/org/graalvm/regex/regex/22.3.3/regex-22.3.3.jar:/Users/rosanaramosantos/.m2/repository/org/graalvm/truffle/truffle-api/22.3.3/truffle-api-22.3.3.jar:/Users/rosanaramosantos/.m2/repository/com/ibm/icu/icu4j/71.1/icu4j-71.1.jar:/Users/rosanaramosantos/.m2/repository/org/thymeleaf/thymeleaf/3.1.2.RELEASE/thymeleaf-3.1.2.RELEASE.jar:/Users/rosanaramosantos/.m2/repository/ognl/ognl/3.3.4/ognl-3.3.4.jar:/Users/rosanaramosantos/.m2/repository/org/javassist/javassist/3.29.0-GA/javassist-3.29.0-GA.jar:/Users/rosanaramosantos/.m2/repository/org/attoparser/attoparser/2.0.7.RELEASE/attoparser-2.0.7.RELEASE.jar:/Users/rosanaramosantos/.m2/repository/org/unbescape/unbescape/1.1.6.RELEASE/unbescape-1.1.6.RELEASE.jar:/Users/rosanaramosantos/.m2/repository/org/slf4j/slf4j-api/2.0.7/slf4j-api-2.0.7.jar:/Users/rosanaramosantos/.m2/repository/com/linecorp/armeria/armeria/1.25.2/armeria-1.25.2.jar:/Users/rosanaramosantos/.m2/repository/com/fasterxml/jackson/core/jackson-core/2.15.2/jackson-core-2.15.2.jar:/Users/rosanaramosantos/.m2/repository/com/fasterxml/jackson/core/jackson-annotations/2.15.2/jackson-annotations-2.15.2.jar:/Users/rosanaramosantos/.m2/repository/com/fasterxml/jackson/core/jackson-databind/2.15.2/jackson-databind-2.15.2.jar:/Users/rosanaramosantos/.m2/repository/com/fasterxml/jackson/datatype/jackson-datatype-jdk8/2.15.2/jackson-datatype-jdk8-2.15.2.jar:/Users/rosanaramosantos/.m2/repository/com/fasterxml/jackson/datatype/jackson-datatype-jsr310/2.15.2/jackson-datatype-jsr310-2.15.2.jar:/Users/rosanaramosantos/.m2/repository/io/micrometer/micrometer-core/1.11.3/micrometer-core-1.11.3.jar:/Users/rosanaramosantos/.m2/repository/io/micrometer/micrometer-commons/1.11.3/micrometer-commons-1.11.3.jar:/Users/rosanaramosantos/.m2/repository/io/micrometer/micrometer-observation/1.11.3/micrometer-observation-1.11.3.jar:/Users/rosanaramosantos/.m2/repository/org/hdrhistogram/HdrHistogram/2.1.12/HdrHistogram-2.1.12.jar:/Users/rosanaramosantos/.m2/repository/org/latencyutils/LatencyUtils/2.0.3/LatencyUtils-2.0.3.jar:/Users/rosanaramosantos/.m2/repository/io/netty/netty-transport/4.1.96.Final/netty-transport-4.1.96.Final.jar:/Users/rosanaramosantos/.m2/repository/io/netty/netty-common/4.1.96.Final/netty-common-4.1.96.Final.jar:/Users/rosanaramosantos/.m2/repository/io/netty/netty-buffer/4.1.96.Final/netty-buffer-4.1.96.Final.jar:/Users/rosanaramosantos/.m2/repository/io/netty/netty-resolver/4.1.96.Final/netty-resolver-4.1.96.Final.jar:/Users/rosanaramosantos/.m2/repository/io/netty/netty-codec-haproxy/4.1.96.Final/netty-codec-haproxy-4.1.96.Final.jar:/Users/rosanaramosantos/.m2/repository/io/netty/netty-codec/4.1.96.Final/netty-codec-4.1.96.Final.jar:/Users/rosanaramosantos/.m2/repository/io/netty/netty-codec-http2/4.1.96.Final/netty-codec-http2-4.1.96.Final.jar:/Users/rosanaramosantos/.m2/repository/io/netty/netty-handler/4.1.96.Final/netty-handler-4.1.96.Final.jar:/Users/rosanaramosantos/.m2/repository/io/netty/netty-codec-http/4.1.96.Final/netty-codec-http-4.1.96.Final.jar:/Users/rosanaramosantos/.m2/repository/io/netty/netty-resolver-dns/4.1.96.Final/netty-resolver-dns-4.1.96.Final.jar:/Users/rosanaramosantos/.m2/repository/io/netty/netty-codec-dns/4.1.96.Final/netty-codec-dns-4.1.96.Final.jar:/Users/rosanaramosantos/.m2/repository/org/reactivestreams/reactive-streams/1.0.4/reactive-streams-1.0.4.jar:/Users/rosanaramosantos/.m2/repository/com/google/code/findbugs/jsr305/3.0.2/jsr305-3.0.2.jar:/Users/rosanaramosantos/.m2/repository/io/netty/netty-handler-proxy/4.1.96.Final/netty-handler-proxy-4.1.96.Final.jar:/Users/rosanaramosantos/.m2/repository/io/netty/netty-codec-socks/4.1.96.Final/netty-codec-socks-4.1.96.Final.jar:/Users/rosanaramosantos/.m2/repository/io/netty/netty-transport-native-unix-common/4.1.96.Final/netty-transport-native-unix-common-4.1.96.Final-linux-x86_64.jar:/Users/rosanaramosantos/.m2/repository/io/netty/netty-transport-native-epoll/4.1.96.Final/netty-transport-native-epoll-4.1.96.Final-linux-x86_64.jar:/Users/rosanaramosantos/.m2/repository/io/netty/netty-transport-native-unix-common/4.1.96.Final/netty-transport-native-unix-common-4.1.96.Final.jar:/Users/rosanaramosantos/.m2/repository/io/netty/netty-transport-classes-epoll/4.1.96.Final/netty-transport-classes-epoll-4.1.96.Final.jar:/Users/rosanaramosantos/.m2/repository/io/netty/netty-transport-native-unix-common/4.1.96.Final/netty-transport-native-unix-common-4.1.96.Final-linux-aarch_64.jar:/Users/rosanaramosantos/.m2/repository/io/netty/netty-transport-native-epoll/4.1.96.Final/netty-transport-native-epoll-4.1.96.Final-linux-aarch_64.jar:/Users/rosanaramosantos/.m2/repository/io/netty/netty-transport-native-unix-common/4.1.96.Final/netty-transport-native-unix-common-4.1.96.Final-osx-x86_64.jar:/Users/rosanaramosantos/.m2/repository/io/netty/netty-transport-native-kqueue/4.1.96.Final/netty-transport-native-kqueue-4.1.96.Final-osx-x86_64.jar:/Users/rosanaramosantos/.m2/repository/io/netty/netty-transport-classes-kqueue/4.1.96.Final/netty-transport-classes-kqueue-4.1.96.Final.jar:/Users/rosanaramosantos/.m2/repository/io/netty/netty-resolver-dns-native-macos/4.1.96.Final/netty-resolver-dns-native-macos-4.1.96.Final-osx-x86_64.jar:/Users/rosanaramosantos/.m2/repository/io/netty/netty-resolver-dns-classes-macos/4.1.96.Final/netty-resolver-dns-classes-macos-4.1.96.Final.jar:/Users/rosanaramosantos/.m2/repository/io/netty/netty-transport-native-unix-common/4.1.96.Final/netty-transport-native-unix-common-4.1.96.Final-osx-aarch_64.jar:/Users/rosanaramosantos/.m2/repository/io/netty/netty-transport-native-kqueue/4.1.96.Final/netty-transport-native-kqueue-4.1.96.Final-osx-aarch_64.jar:/Users/rosanaramosantos/.m2/repository/io/netty/netty-resolver-dns-native-macos/4.1.96.Final/netty-resolver-dns-native-macos-4.1.96.Final-osx-aarch_64.jar:/Users/rosanaramosantos/.m2/repository/io/netty/netty-tcnative-boringssl-static/2.0.61.Final/netty-tcnative-boringssl-static-2.0.61.Final-linux-x86_64.jar:/Users/rosanaramosantos/.m2/repository/io/netty/netty-tcnative-classes/2.0.61.Final/netty-tcnative-classes-2.0.61.Final.jar:/Users/rosanaramosantos/.m2/repository/io/netty/netty-tcnative-boringssl-static/2.0.61.Final/netty-tcnative-boringssl-static-2.0.61.Final-linux-aarch_64.jar:/Users/rosanaramosantos/.m2/repository/io/netty/netty-tcnative-boringssl-static/2.0.61.Final/netty-tcnative-boringssl-static-2.0.61.Final-osx-x86_64.jar:/Users/rosanaramosantos/.m2/repository/io/netty/netty-tcnative-boringssl-static/2.0.61.Final/netty-tcnative-boringssl-static-2.0.61.Final-osx-aarch_64.jar:/Users/rosanaramosantos/.m2/repository/io/netty/netty-tcnative-boringssl-static/2.0.61.Final/netty-tcnative-boringssl-static-2.0.61.Final-windows-x86_64.jar:/Users/rosanaramosantos/.m2/repository/com/aayushatharva/brotli4j/brotli4j/1.12.0/brotli4j-1.12.0.jar:/Users/rosanaramosantos/.m2/repository/com/aayushatharva/brotli4j/service/1.12.0/service-1.12.0.jar:/Users/rosanaramosantos/.m2/repository/com/aayushatharva/brotli4j/native-osx-aarch64/1.12.0/native-osx-aarch64-1.12.0.jar:/Users/rosanaramosantos/.m2/repository/org/apache/httpcomponents/httpclient/4.5.14/httpclient-4.5.14.jar:/Users/rosanaramosantos/.m2/repository/org/apache/httpcomponents/httpcore/4.4.16/httpcore-4.4.16.jar:/Users/rosanaramosantos/.m2/repository/commons-codec/commons-codec/1.16.0/commons-codec-1.16.0.jar:/Users/rosanaramosantos/.m2/repository/ch/qos/logback/logback-classic/1.4.11/logback-classic-1.4.11.jar:/Users/rosanaramosantos/.m2/repository/ch/qos/logback/logback-core/1.4.11/logback-core-1.4.11.jar:/Users/rosanaramosantos/.m2/repository/org/slf4j/jcl-over-slf4j/2.0.9/jcl-over-slf4j-2.0.9.jar:/Users/rosanaramosantos/.m2/repository/org/antlr/antlr4-runtime/4.11.1/antlr4-runtime-4.11.1.jar:/Users/rosanaramosantos/.m2/repository/com/jayway/jsonpath/json-path/2.8.0/json-path-2.8.0.jar:/Users/rosanaramosantos/.m2/repository/net/minidev/json-smart/2.4.10/json-smart-2.4.10.jar:/Users/rosanaramosantos/.m2/repository/net/minidev/accessors-smart/2.4.9/accessors-smart-2.4.9.jar:/Users/rosanaramosantos/.m2/repository/org/ow2/asm/asm/9.3/asm-9.3.jar:/Users/rosanaramosantos/.m2/repository/org/yaml/snakeyaml/2.0/snakeyaml-2.0.jar:/Users/rosanaramosantos/.m2/repository/de/siegmar/fastcsv/2.2.1/fastcsv-2.2.1.jar:/Users/rosanaramosantos/.m2/repository/info/picocli/picocli/4.7.1/picocli-4.7.1.jar:/Users/rosanaramosantos/.m2/repository/io/github/classgraph/classgraph/4.8.160/classgraph-4.8.160.jar:/Users/rosanaramosantos/.m2/repository/io/github/t12y/resemble/1.0.2/resemble-1.0.2.jar:/Users/rosanaramosantos/.m2/repository/io/github/t12y/ssim/1.0.0/ssim-1.0.0.jar:/Users/rosanaramosantos/.m2/repository/org/junit/jupiter/junit-jupiter-api/5.9.3/junit-jupiter-api-5.9.3.jar:/Users/rosanaramosantos/.m2/repository/org/opentest4j/opentest4j/1.2.0/opentest4j-1.2.0.jar:/Users/rosanaramosantos/.m2/repository/org/junit/platform/junit-platform-commons/1.9.3/junit-platform-commons-1.9.3.jar:/Users/rosanaramosantos/.m2/repository/org/apiguardian/apiguardian-api/1.1.2/apiguardian-api-1.1.2.jar:/Users/rosanaramosantos/.m2/repository/org/junit/jupiter/junit-jupiter-engine/5.9.3/junit-jupiter-engine-5.9.3.jar:/Users/rosanaramosantos/.m2/repository/org/junit/platform/junit-platform-engine/1.9.3/junit-platform-engine-1.9.3.jar:"/>
    <property name="sun.cpu.endian" value="little"/>
    <property name="user.home" value="/Users/rosanaramosantos"/>
    <property name="user.language" value="en"/>
    <property name="java.specification.vendor" value="Oracle Corporation"/>
    <property name="java.version.date" value="2023-01-17"/>
    <property name="java.home" value="/opt/homebrew/Cellar/openjdk/19.0.2/libexec/openjdk.jdk/Contents/Home"/>
    <property name="file.separator" value="/"/>
    <property name="basedir" value="/Users/rosanaramosantos/programming-projects/automation-projects/karate-gatling/karate-gatling"/>
    <property name="java.vm.compressedOopsMode" value="Zero based"/>
    <property name="line.separator" value="&#10;"/>
    <property name="java.vm.specification.vendor" value="Oracle Corporation"/>
    <property name="java.specification.name" value="Java Platform API Specification"/>
    <property name="karate.options" value="--tags ˜@skipme"/>
    <property name="apple.awt.application.name" value="ForkedBooter"/>
    <property name="surefire.real.class.path" value="/Users/rosanaramosantos/programming-projects/automation-projects/karate-gatling/karate-gatling/target/surefire/surefirebooter-20240324193014497_3.jar"/>
    <property name="sun.management.compiler" value="HotSpot 64-Bit Tiered Compilers"/>
    <property name="ftp.nonProxyHosts" value="local|*.local|169.254/16|*.169.254/16"/>
    <property name="java.runtime.version" value="19.0.2"/>
    <property name="user.name" value="rosanaramosantos"/>
    <property name="stdout.encoding" value="UTF-8"/>
    <property name="path.separator" value=":"/>
    <property name="os.version" value="13.0.1"/>
    <property name="java.runtime.name" value="OpenJDK Runtime Environment"/>
    <property name="file.encoding" value="UTF-8"/>
    <property name="java.vm.name" value="OpenJDK 64-Bit Server VM"/>
    <property name="java.vendor.version" value="Homebrew"/>
    <property name="localRepository" value="/Users/rosanaramosantos/.m2/repository"/>
    <property name="java.vendor.url.bug" value="https://github.com/Homebrew/homebrew-core/issues"/>
    <property name="java.io.tmpdir" value="/var/folders/9z/n4qjzrr11rddc4d3xvf5n5900000gn/T/"/>
    <property name="java.version" value="19.0.2"/>
    <property name="user.dir" value="/Users/rosanaramosantos/programming-projects/automation-projects/karate-gatling/karate-gatling"/>
    <property name="os.arch" value="aarch64"/>
    <property name="java.vm.specification.name" value="Java Virtual Machine Specification"/>
    <property name="native.encoding" value="UTF-8"/>
    <property name="java.library.path" value="/Users/rosanaramosantos/Library/Java/Extensions:/Library/Java/Extensions:/Network/Library/Java/Extensions:/System/Library/Java/Extensions:/usr/lib/java:."/>
    <property name="java.vm.info" value="mixed mode, sharing"/>
    <property name="stderr.encoding" value="UTF-8"/>
    <property name="java.vendor" value="Homebrew"/>
    <property name="java.vm.version" value="19.0.2"/>
    <property name="sun.io.unicode.encoding" value="UnicodeBig"/>
    <property name="socksNonProxyHosts" value="local|*.local|169.254/16|*.169.254/16"/>
    <property name="java.class.version" value="63.0"/>
  </properties>
  <testcase name="testParallel" classname="conduitApp.ConduitTest" time="1.373">
    <system-out><![CDATA[19:30:14.960 [main] INFO  com.intuit.karate.Runner - using system property 'karate.options': --tags ˜@skipme
19:30:15.417 [main] DEBUG com.intuit.karate.Suite - [config] classpath:karate-config.js
19:30:15.418 [main] INFO  com.intuit.karate.Suite - backed up existing 'target/karate-reports' dir to: target/karate-reports_1711319415417
19:30:15.915 [main] DEBUG com.intuit.karate.Suite - waiting for 3 features to complete
Karate version: 1.4.1
======================================================
elapsed:   0.96 | threads:    1 | thread time: 0.00 
features:     0 | skipped:    3 | efficiency: 0.00
scenarios:    0 | passed:     0 | failed: 0
======================================================

HTML report: (paste into browser to view) | Karate version: 1.4.1
file:///Users/rosanaramosantos/programming-projects/automation-projects/karate-gatling/karate-gatling/target/karate-reports/karate-summary.html
===================================================================

]]></system-out>
  </testcase>
</testsuite>